<?xml version="1.0" encoding="UTF-8"?>
<testsuite xmlns:xsi="http://www.w3.org/2001/XMLSchema-instance" xsi:noNamespaceSchemaLocation="https://maven.apache.org/surefire/maven-surefire-plugin/xsd/surefire-test-report-3.0.xsd" version="3.0" name="com.epam.training.ticketservice.core.user.UserServiceImplTest" time="0.015" tests="7" errors="0" skipped="0" failures="0">
  <properties>
[...]
</properties>
  <testcase name="testRegisterUserShouldCallUserRepositoryWhenTheInputIsValid" classname="com.epam.training.ticketservice.core.user.UserServiceImplTest" time="0.001"/>
  <testcase name="testDescribeShouldReturnTheLoggedInUserWhenThereIsALoggedInUser" classname="com.epam.training.ticketservice.core.user.UserServiceImplTest" time="0.001"/>
  <testcase name="testLogoutShouldReturnThePreviouslyLoggedInUserWhenThereIsALoggedInUser" classname="com.epam.training.ticketservice.core.user.UserServiceImplTest" time="0.002"/>
  <testcase name="testDescribeShouldReturnOptionalEmptyWhenThereIsNoOneLoggedIn" classname="com.epam.training.ticketservice.core.user.UserServiceImplTest" time="0.001"/>
  <testcase name="testLogoutShouldReturnOptionalEmptyWhenThereIsNoOneLoggedIn" classname="com.epam.training.ticketservice.core.user.UserServiceImplTest" time="0.001"/>
  <testcase name="testLoginShouldSetLoggedInUserWhenUsernameAndPasswordAreCorrect" classname="com.epam.training.ticketservice.core.user.UserServiceImplTest" time="0.002"/>
  <testcase name="testLoginShouldReturnOptionalEmptyWhenUsernameOrPasswordAreNotCorrect" classname="com.epam.training.ticketservice.core.user.UserServiceImplTest" time="0.001"/>
</testsuite>